[backblue.gif]
[fade.gif]
[index.html]
[use.typekit.net/ik/d8QzycXb2ibNE07AEIoiKLMdTlMA-QtwNF8BvnX-qY6feCCgfHYEBsJzwD9oFDIDWhJhjDscFDSojQ6hFQ9DFQ8yjQmcjAFRjDjaFAjX5AwXFDJtZeBRFcj-mkG0dW83da4XZcNC-Av0jhNlOfG0SY4zwKuh-AmaOcu]
[pro2-bar-s3-cdn-cf.myportfolio.com/30362569-0eed-4a59-8214-12444cf2217b/bb832364-9b69-46a9-969f-ea2399a55918_carw_4x3x32caa1.png]
[pro2-bar-s3-cdn-cf3.myportfolio.com/30362569-0eed-4a59-8214-12444cf2217b/ece47862-e7b5-46e1-bc9b-df1c321a81f8_carw_4x3x323179.png]
[pro2-bar-s3-cdn-cf.myportfolio.com/30362569-0eed-4a59-8214-12444cf2217b/b579c1b6-85da-44f4-b423-a5c5ab783e84_carw_4x3x323ede.png]
[pro2-bar-s3-cdn-cf2.myportfolio.com/30362569-0eed-4a59-8214-12444cf2217b/3c428002-ba33-4068-ad1a-9eeb528a64a5_carw_4x3x32bf82.jpg]
[pro2-bar-s3-cdn-cf6.myportfolio.com/30362569-0eed-4a59-8214-12444cf2217b/0f11fd97-36b3-4b18-aaa1-b54124a42c64_carw_4x3x324c5b.png]
[pro2-bar-s3-cdn-cf6.myportfolio.com/30362569-0eed-4a59-8214-12444cf2217b/727b9b14-26dc-47f6-aa77-ba225beec311_carw_4x3x32ecfc.png]
[pro2-bar-s3-cdn-cf.myportfolio.com/30362569-0eed-4a59-8214-12444cf2217b/87212844-d7ea-4f57-84d4-aafb87955d86_carw_4x3x32b0ab.png]
[vietcuongtran29.myportfolio.com/site/translations602c]
[vietcuongtran29.myportfolio.com/dist/js/main602c.js]
[vietcuongtran29.myportfolio.com/index.html]
[vietcuongtran29.myportfolio.com/dist/css/main.css]
[vietcuongtran29.myportfolio.com/work.html]
[vietcuongtran29.myportfolio.com/contact.html]
[pro2-bar.myportfolio.com/v1/assets/30362569-0eed-4a59-8214-12444cf2217b/727b9b14-26dc-47f6-aa77-ba225beec311_car_4x3884d.png]
[pro2-bar.myportfolio.com/v1/assets/30362569-0eed-4a59-8214-12444cf2217b/3c428002-ba33-4068-ad1a-9eeb528a64a5_car_4x36371.jpg]
[pro2-bar.myportfolio.com/v1/assets/30362569-0eed-4a59-8214-12444cf2217b/87212844-d7ea-4f57-84d4-aafb87955d86_car_4x3bf8a.png]
[pro2-bar.myportfolio.com/v1/assets/30362569-0eed-4a59-8214-12444cf2217b/bb832364-9b69-46a9-969f-ea2399a55918_car_4x3676c.png]
[pro2-bar.myportfolio.com/v1/assets/30362569-0eed-4a59-8214-12444cf2217b/734bf2b4-8ea7-46bf-b356-b85d580a08c1_car_4x3ad27.png]
[pro2-bar.myportfolio.com/v1/assets/30362569-0eed-4a59-8214-12444cf2217b/b579c1b6-85da-44f4-b423-a5c5ab783e84_car_4x36c96.png]
[pro2-bar.myportfolio.com/v1/assets/30362569-0eed-4a59-8214-12444cf2217b/0f11fd97-36b3-4b18-aaa1-b54124a42c64_car_4x37836.png]
[vietcuongtran29.myportfolio.com/3d-modeling.html]
[pro2-bar-s3-cdn-cf.myportfolio.com/30362569-0eed-4a59-8214-12444cf2217b/b76fbcdf-6cdf-4bfa-bbe5-b76017fcdb88_carw_4x3x32dc77.png]
[pro2-bar-s3-cdn-cf6.myportfolio.com/30362569-0eed-4a59-8214-12444cf2217b/a1db01d0-712b-4a2a-a94b-02b9fa563cb863d3.gif]
[pro2-bar-s3-cdn-cf.myportfolio.com/30362569-0eed-4a59-8214-12444cf2217b/b76fbcdf-6cdf-4bfa-bbe5-b76017fcdb88_car_4x3d230.png]
[vietcuongtran29.myportfolio.com/motion-exercises.html]
[pro2-bar-s3-cdn-cf6.myportfolio.com/30362569-0eed-4a59-8214-12444cf2217b/734bf2b4-8ea7-46bf-b356-b85d580a08c1_carw_4x3x321251.png]
[pro2-bar-s3-cdn-cf.myportfolio.com/30362569-0eed-4a59-8214-12444cf2217b/8566290b-ee89-42cf-ac92-a20bb40795c12ebe.png]
[pro2-bar.myportfolio.com/v1/assets/30362569-0eed-4a59-8214-12444cf2217b/8566290b-ee89-42cf-ac92-a20bb40795c1_rw_3840d32c.png]
[vietcuongtran29.myportfolio.com/music-app-ui-design.html]
[pro2-bar-s3-cdn-cf3.myportfolio.com/30362569-0eed-4a59-8214-12444cf2217b/e3e5bd8d-039b-4e31-88e6-bce39a111406a7c0.png]
[pro2-bar.myportfolio.com/v1/assets/30362569-0eed-4a59-8214-12444cf2217b/e3e5bd8d-039b-4e31-88e6-bce39a111406_rw_384009a9.png]
[vietcuongtran29.myportfolio.com/logo-design.html]
[vietcuongtran29.myportfolio.com/liliana-poster-design.html]
[vietcuongtran29.myportfolio.com/yorn-login-screen.html]
[vietcuongtran29.myportfolio.com/hayate-login-screen.html]
[vietcuongtran29.myportfolio.com/laville-login-screen.html]
[pro2-bar-s3-cdn-cf6.myportfolio.com/30362569-0eed-4a59-8214-12444cf2217b/01b05c35357b6d5d6d2b36724711a23016056823623ca9.css]
[pro2-bar-s3-cdn-cf6.myportfolio.com/30362569-0eed-4a59-8214-12444cf2217b/717829a48b5fad64747b7bf2f577ae7316056823621786.css]
[pro2-bar-s3-cdn-cf6.myportfolio.com/30362569-0eed-4a59-8214-12444cf2217b/a1db01d0-712b-4a2a-a94b-02b9fa563cb8_rw_1920ccf6.gif]
[pro2-bar-s3-cdn-cf.myportfolio.com/30362569-0eed-4a59-8214-12444cf2217b/8f9c2658-99f9-4a82-9975-3a1941a9f46454ee.gif]
[pro2-bar-s3-cdn-cf.myportfolio.com/30362569-0eed-4a59-8214-12444cf2217b/8f9c2658-99f9-4a82-9975-3a1941a9f464_rw_120032db.gif]
[vietcuongtran29.myportfolio.com/walk-clyne]
[pro2-bar-s3-cdn-cf1.myportfolio.com/30362569-0eed-4a59-8214-12444cf2217b/ce2db4db18d3756dae1cf63df39ede5e1605682362e141.css]
[pro2-bar-s3-cdn-cf3.myportfolio.com/30362569-0eed-4a59-8214-12444cf2217b/ece47862-e7b5-46e1-bc9b-df1c321a81f8_car_4x3c08e.png]
[pro2-bar-s3-cdn-cf3.myportfolio.com/30362569-0eed-4a59-8214-12444cf2217b/ece47862-e7b5-46e1-bc9b-df1c321a81f8_car_4x3c08e.png]
